c:\dev\ggt engine\ggt engine\debug\vc141.pdb
c:\dev\ggt engine\ggt engine\debug\vc141.idb
c:\dev\ggt engine\ggt engine\debug\application.obj
c:\dev\ggt engine\ggt engine\debug\entity.obj
c:\dev\ggt engine\ggt engine\debug\gameapplication.obj
c:\dev\ggt engine\ggt engine\debug\jsonhandler.obj
c:\dev\ggt engine\ggt engine\debug\main.obj
c:\dev\ggt engine\ggt engine\debug\model.obj
c:\dev\ggt engine\ggt engine\debug\modelmanager.obj
c:\dev\ggt engine\ggt engine\debug\renderer.obj
c:\dev\ggt engine\ggt engine\debug\texturemanager.obj
c:\dev\ggt engine\ggt engine\debug\jsoncpp.obj
c:\dev\ggt engine\ggt engine\debug\matrix.obj
c:\dev\ggt engine\debug\ggt engine.exe
c:\dev\ggt engine\debug\ggt engine.ilk
c:\dev\ggt engine\debug\ggt engine.pdb
c:\dev\ggt engine\ggt engine\debug\ggt engine.tlog\cl.command.1.tlog
c:\dev\ggt engine\ggt engine\debug\ggt engine.tlog\cl.read.1.tlog
c:\dev\ggt engine\ggt engine\debug\ggt engine.tlog\cl.write.1.tlog
c:\dev\ggt engine\ggt engine\debug\ggt engine.tlog\link.command.1.tlog
c:\dev\ggt engine\ggt engine\debug\ggt engine.tlog\link.read.1.tlog
c:\dev\ggt engine\ggt engine\debug\ggt engine.tlog\link.write.1.tlog
